<?xml version="1.0" encoding="UTF-8" ?>
<testsuite failures="0" time="0.849" errors="0" skipped="0" tests="1" name="com.HiveUDF.Containsstring.Testcase">
  <properties>
    <property name="java.runtime.name" value="Java(TM) SE Runtime Environment"/>
    <property name="sun.boot.library.path" value="C:\Program Files (x86)\Java\jdk1.7.0_21\jre\bin"/>
    <property name="java.vm.version" value="23.21-b01"/>
    <property name="java.vm.vendor" value="Oracle Corporation"/>
    <property name="java.vendor.url" value="http://java.oracle.com/"/>
    <property name="path.separator" value=";"/>
    <property name="java.vm.name" value="Java HotSpot(TM) Client VM"/>
    <property name="file.encoding.pkg" value="sun.io"/>
    <property name="user.script" value=""/>
    <property name="user.country" value="US"/>
    <property name="sun.java.launcher" value="SUN_STANDARD"/>
    <property name="sun.os.patch.level" value="Service Pack 1"/>
    <property name="java.vm.specification.name" value="Java Virtual Machine Specification"/>
    <property name="user.dir" value="C:\Users\Sa\Downloads\HiveUDFs\HiveUDF1"/>
    <property name="java.runtime.version" value="1.7.0_21-b11"/>
    <property name="java.awt.graphicsenv" value="sun.awt.Win32GraphicsEnvironment"/>
    <property name="basedir" value="C:\Users\Sa\Downloads\HiveUDFs\HiveUDF1"/>
    <property name="java.endorsed.dirs" value="C:\Program Files (x86)\Java\jdk1.7.0_21\jre\lib\endorsed"/>
    <property name="os.arch" value="x86"/>
    <property name="surefire.real.class.path" value="C:\Users\Sa\Downloads\HiveUDFs\HiveUDF1\target\surefire\surefirebooter7117741122901358883.jar"/>
    <property name="java.io.tmpdir" value="C:\Users\Sa\AppData\Local\Temp\"/>
    <property name="line.separator" value="
"/>
    <property name="java.vm.specification.vendor" value="Oracle Corporation"/>
    <property name="user.variant" value=""/>
    <property name="os.name" value="Windows 7"/>
    <property name="sun.jnu.encoding" value="Cp1252"/>
    <property name="java.library.path" value="C:\Program Files (x86)\Java\jdk1.7.0_21\jre\bin;C:\Windows\Sun\Java\bin;C:\Windows\system32;C:\Windows;C:\ProgramData\Oracle\Java\javapath;C:\Program Files\Common Files\Microsoft Shared\Windows Live;C:\Program Files (x86)\Common Files\Microsoft Shared\Windows Live;C:\Program Files (x86)\Intel\iCLS Client\;C:\Program Files\Intel\iCLS Client\;C:\Windows\system32;C:\Windows;C:\Windows\System32\Wbem;C:\Windows\System32\WindowsPowerShell\v1.0\;C:\Program Files (x86)\Intel\OpenCL SDK\2.0\bin\x86;C:\Program Files (x86)\Intel\OpenCL SDK\2.0\bin\x64;C:\Program Files\Intel\WiFi\bin\;C:\Program Files\Common Files\Intel\WirelessCommon\;C:\Program Files\Intel\Intel(R) Management Engine Components\DAL;C:\Program Files\Intel\Intel(R) Management Engine Components\IPT;C:\Program Files (x86)\Intel\Intel(R) Management Engine Components\DAL;C:\Program Files (x86)\Intel\Intel(R) Management Engine Components\IPT;C:\Program Files (x86)\Windows Live\Shared;C:\Program Files (x86)\MATLAB704\bin\win32;C:\Dwimperl\perl\bin;C:\Dwimperl\perl\site\bin;C:\Dwimperl\c\bin;C:\Program Files\Microsoft SQL Server\110\Tools\Binn\;c:\altera\altera7.2\quartus\bin;C:\SynaptiCAD\bin;%QUARTUS_ROOTDIR%\bin;C:\Program Files\Java\jdk1.8.0_20\bin;C:\Program Files (x86)\Skype\Phone\;C:\Program Files (x86)\Java\jdk1.7.0_21;c:\Program Files\Saxonica\SaxonHE9.4N\bin;C:\Program Files\Apache Software Foundation\apache-maven-3.3.3\bin;."/>
    <property name="surefire.test.class.path" value="C:\Users\Sa\Downloads\HiveUDFs\HiveUDF1\target\test-classes;C:\Users\Sa\Downloads\HiveUDFs\HiveUDF1\target\classes;C:\Users\Sa\.m2\repository\junit\junit\4.8.2\junit-4.8.2.jar;C:\Users\Sa\.m2\repository\org\apache\hive\hive-exec\0.13.1\hive-exec-0.13.1.jar;C:\Users\Sa\.m2\repository\org\apache\hive\hive-ant\0.13.1\hive-ant-0.13.1.jar;C:\Users\Sa\.m2\repository\org\apache\velocity\velocity\1.5\velocity-1.5.jar;C:\Users\Sa\.m2\repository\oro\oro\2.0.8\oro-2.0.8.jar;C:\Users\Sa\.m2\repository\org\apache\hive\hive-metastore\0.13.1\hive-metastore-0.13.1.jar;C:\Users\Sa\.m2\repository\org\apache\hive\hive-serde\0.13.1\hive-serde-0.13.1.jar;C:\Users\Sa\.m2\repository\org\apache\hive\hive-common\0.13.1\hive-common-0.13.1.jar;C:\Users\Sa\.m2\repository\com\jolbox\bonecp\0.8.0.RELEASE\bonecp-0.8.0.RELEASE.jar;C:\Users\Sa\.m2\repository\org\apache\derby\derby\10.10.1.1\derby-10.10.1.1.jar;C:\Users\Sa\.m2\repository\org\datanucleus\datanucleus-api-jdo\3.2.6\datanucleus-api-jdo-3.2.6.jar;C:\Users\Sa\.m2\repository\org\datanucleus\datanucleus-rdbms\3.2.9\datanucleus-rdbms-3.2.9.jar;C:\Users\Sa\.m2\repository\javax\jdo\jdo-api\3.0.1\jdo-api-3.0.1.jar;C:\Users\Sa\.m2\repository\javax\transaction\jta\1.1\jta-1.1.jar;C:\Users\Sa\.m2\repository\org\apache\thrift\libthrift\0.9.0\libthrift-0.9.0.jar;C:\Users\Sa\.m2\repository\org\apache\hive\hive-shims\0.13.1\hive-shims-0.13.1.jar;C:\Users\Sa\.m2\repository\org\apache\hive\shims\hive-shims-common\0.13.1\hive-shims-common-0.13.1.jar;C:\Users\Sa\.m2\repository\org\apache\hive\shims\hive-shims-0.20\0.13.1\hive-shims-0.20-0.13.1.jar;C:\Users\Sa\.m2\repository\org\apache\hive\shims\hive-shims-common-secure\0.13.1\hive-shims-common-secure-0.13.1.jar;C:\Users\Sa\.m2\repository\org\apache\hive\shims\hive-shims-0.20S\0.13.1\hive-shims-0.20S-0.13.1.jar;C:\Users\Sa\.m2\repository\org\apache\hive\shims\hive-shims-0.23\0.13.1\hive-shims-0.23-0.13.1.jar;C:\Users\Sa\.m2\repository\commons-codec\commons-codec\1.4\commons-codec-1.4.jar;C:\Users\Sa\.m2\repository\commons-httpclient\commons-httpclient\3.0.1\commons-httpclient-3.0.1.jar;C:\Users\Sa\.m2\repository\commons-io\commons-io\2.4\commons-io-2.4.jar;C:\Users\Sa\.m2\repository\org\apache\commons\commons-lang3\3.1\commons-lang3-3.1.jar;C:\Users\Sa\.m2\repository\commons-logging\commons-logging\1.1.3\commons-logging-1.1.3.jar;C:\Users\Sa\.m2\repository\log4j\log4j\1.2.16\log4j-1.2.16.jar;C:\Users\Sa\.m2\repository\org\antlr\antlr-runtime\3.4\antlr-runtime-3.4.jar;C:\Users\Sa\.m2\repository\org\antlr\stringtemplate\3.2.1\stringtemplate-3.2.1.jar;C:\Users\Sa\.m2\repository\antlr\antlr\2.7.7\antlr-2.7.7.jar;C:\Users\Sa\.m2\repository\org\antlr\ST4\4.0.4\ST4-4.0.4.jar;C:\Users\Sa\.m2\repository\org\apache\avro\avro\1.7.5\avro-1.7.5.jar;C:\Users\Sa\.m2\repository\com\thoughtworks\paranamer\paranamer\2.3\paranamer-2.3.jar;C:\Users\Sa\.m2\repository\org\xerial\snappy\snappy-java\1.0.5\snappy-java-1.0.5.jar;C:\Users\Sa\.m2\repository\org\apache\ant\ant\1.9.1\ant-1.9.1.jar;C:\Users\Sa\.m2\repository\org\apache\ant\ant-launcher\1.9.1\ant-launcher-1.9.1.jar;C:\Users\Sa\.m2\repository\org\apache\commons\commons-compress\1.4.1\commons-compress-1.4.1.jar;C:\Users\Sa\.m2\repository\org\tukaani\xz\1.0\xz-1.0.jar;C:\Users\Sa\.m2\repository\org\apache\thrift\libfb303\0.9.0\libfb303-0.9.0.jar;C:\Users\Sa\.m2\repository\org\apache\zookeeper\zookeeper\3.4.5\zookeeper-3.4.5.jar;C:\Users\Sa\.m2\repository\jline\jline\0.9.94\jline-0.9.94.jar;C:\Users\Sa\.m2\repository\org\codehaus\groovy\groovy-all\2.1.6\groovy-all-2.1.6.jar;C:\Users\Sa\.m2\repository\org\datanucleus\datanucleus-core\3.2.10\datanucleus-core-3.2.10.jar;C:\Users\Sa\.m2\repository\stax\stax-api\1.0.1\stax-api-1.0.1.jar;C:\Users\Sa\.m2\repository\org\slf4j\slf4j-api\1.7.5\slf4j-api-1.7.5.jar;C:\Users\Sa\.m2\repository\org\slf4j\slf4j-log4j12\1.7.5\slf4j-log4j12-1.7.5.jar;C:\Users\Sa\.m2\repository\org\apache\hadoop\hadoop-common\2.4.1\hadoop-common-2.4.1.jar;C:\Users\Sa\.m2\repository\org\apache\hadoop\hadoop-annotations\2.4.1\hadoop-annotations-2.4.1.jar;C:\Program Files (x86)\Java\jdk1.7.0_21\jre\..\lib\tools.jar;C:\Users\Sa\.m2\repository\com\google\guava\guava\11.0.2\guava-11.0.2.jar;C:\Users\Sa\.m2\repository\commons-cli\commons-cli\1.2\commons-cli-1.2.jar;C:\Users\Sa\.m2\repository\org\apache\commons\commons-math3\3.1.1\commons-math3-3.1.1.jar;C:\Users\Sa\.m2\repository\xmlenc\xmlenc\0.52\xmlenc-0.52.jar;C:\Users\Sa\.m2\repository\commons-net\commons-net\3.1\commons-net-3.1.jar;C:\Users\Sa\.m2\repository\commons-collections\commons-collections\3.2.1\commons-collections-3.2.1.jar;C:\Users\Sa\.m2\repository\javax\servlet\servlet-api\2.5\servlet-api-2.5.jar;C:\Users\Sa\.m2\repository\org\mortbay\jetty\jetty\6.1.26\jetty-6.1.26.jar;C:\Users\Sa\.m2\repository\org\mortbay\jetty\jetty-util\6.1.26\jetty-util-6.1.26.jar;C:\Users\Sa\.m2\repository\com\sun\jersey\jersey-core\1.9\jersey-core-1.9.jar;C:\Users\Sa\.m2\repository\com\sun\jersey\jersey-json\1.9\jersey-json-1.9.jar;C:\Users\Sa\.m2\repository\org\codehaus\jettison\jettison\1.1\jettison-1.1.jar;C:\Users\Sa\.m2\repository\com\sun\xml\bind\jaxb-impl\2.2.3-1\jaxb-impl-2.2.3-1.jar;C:\Users\Sa\.m2\repository\javax\xml\bind\jaxb-api\2.2.2\jaxb-api-2.2.2.jar;C:\Users\Sa\.m2\repository\javax\xml\stream\stax-api\1.0-2\stax-api-1.0-2.jar;C:\Users\Sa\.m2\repository\javax\activation\activation\1.1\activation-1.1.jar;C:\Users\Sa\.m2\repository\org\codehaus\jackson\jackson-jaxrs\1.8.3\jackson-jaxrs-1.8.3.jar;C:\Users\Sa\.m2\repository\org\codehaus\jackson\jackson-xc\1.8.3\jackson-xc-1.8.3.jar;C:\Users\Sa\.m2\repository\com\sun\jersey\jersey-server\1.9\jersey-server-1.9.jar;C:\Users\Sa\.m2\repository\asm\asm\3.1\asm-3.1.jar;C:\Users\Sa\.m2\repository\tomcat\jasper-compiler\5.5.23\jasper-compiler-5.5.23.jar;C:\Users\Sa\.m2\repository\tomcat\jasper-runtime\5.5.23\jasper-runtime-5.5.23.jar;C:\Users\Sa\.m2\repository\javax\servlet\jsp\jsp-api\2.1\jsp-api-2.1.jar;C:\Users\Sa\.m2\repository\commons-el\commons-el\1.0\commons-el-1.0.jar;C:\Users\Sa\.m2\repository\net\java\dev\jets3t\jets3t\0.9.0\jets3t-0.9.0.jar;C:\Users\Sa\.m2\repository\org\apache\httpcomponents\httpclient\4.1.2\httpclient-4.1.2.jar;C:\Users\Sa\.m2\repository\org\apache\httpcomponents\httpcore\4.1.2\httpcore-4.1.2.jar;C:\Users\Sa\.m2\repository\com\jamesmurty\utils\java-xmlbuilder\0.4\java-xmlbuilder-0.4.jar;C:\Users\Sa\.m2\repository\commons-lang\commons-lang\2.6\commons-lang-2.6.jar;C:\Users\Sa\.m2\repository\commons-configuration\commons-configuration\1.6\commons-configuration-1.6.jar;C:\Users\Sa\.m2\repository\commons-digester\commons-digester\1.8\commons-digester-1.8.jar;C:\Users\Sa\.m2\repository\commons-beanutils\commons-beanutils\1.7.0\commons-beanutils-1.7.0.jar;C:\Users\Sa\.m2\repository\commons-beanutils\commons-beanutils-core\1.8.0\commons-beanutils-core-1.8.0.jar;C:\Users\Sa\.m2\repository\org\codehaus\jackson\jackson-core-asl\1.8.8\jackson-core-asl-1.8.8.jar;C:\Users\Sa\.m2\repository\org\codehaus\jackson\jackson-mapper-asl\1.8.8\jackson-mapper-asl-1.8.8.jar;C:\Users\Sa\.m2\repository\com\google\protobuf\protobuf-java\2.5.0\protobuf-java-2.5.0.jar;C:\Users\Sa\.m2\repository\org\apache\hadoop\hadoop-auth\2.4.1\hadoop-auth-2.4.1.jar;C:\Users\Sa\.m2\repository\com\jcraft\jsch\0.1.42\jsch-0.1.42.jar;C:\Users\Sa\.m2\repository\com\google\code\findbugs\jsr305\1.3.9\jsr305-1.3.9.jar;"/>
    <property name="java.specification.name" value="Java Platform API Specification"/>
    <property name="java.class.version" value="51.0"/>
    <property name="sun.management.compiler" value="HotSpot Client Compiler"/>
    <property name="os.version" value="6.1"/>
    <property name="user.home" value="C:\Users\Sa"/>
    <property name="user.timezone" value=""/>
    <property name="java.awt.printerjob" value="sun.awt.windows.WPrinterJob"/>
    <property name="java.specification.version" value="1.7"/>
    <property name="file.encoding" value="Cp1252"/>
    <property name="user.name" value="Sa"/>
    <property name="java.class.path" value="C:\Users\Sa\Downloads\HiveUDFs\HiveUDF1\target\test-classes;C:\Users\Sa\Downloads\HiveUDFs\HiveUDF1\target\classes;C:\Users\Sa\.m2\repository\junit\junit\4.8.2\junit-4.8.2.jar;C:\Users\Sa\.m2\repository\org\apache\hive\hive-exec\0.13.1\hive-exec-0.13.1.jar;C:\Users\Sa\.m2\repository\org\apache\hive\hive-ant\0.13.1\hive-ant-0.13.1.jar;C:\Users\Sa\.m2\repository\org\apache\velocity\velocity\1.5\velocity-1.5.jar;C:\Users\Sa\.m2\repository\oro\oro\2.0.8\oro-2.0.8.jar;C:\Users\Sa\.m2\repository\org\apache\hive\hive-metastore\0.13.1\hive-metastore-0.13.1.jar;C:\Users\Sa\.m2\repository\org\apache\hive\hive-serde\0.13.1\hive-serde-0.13.1.jar;C:\Users\Sa\.m2\repository\org\apache\hive\hive-common\0.13.1\hive-common-0.13.1.jar;C:\Users\Sa\.m2\repository\com\jolbox\bonecp\0.8.0.RELEASE\bonecp-0.8.0.RELEASE.jar;C:\Users\Sa\.m2\repository\org\apache\derby\derby\10.10.1.1\derby-10.10.1.1.jar;C:\Users\Sa\.m2\repository\org\datanucleus\datanucleus-api-jdo\3.2.6\datanucleus-api-jdo-3.2.6.jar;C:\Users\Sa\.m2\repository\org\datanucleus\datanucleus-rdbms\3.2.9\datanucleus-rdbms-3.2.9.jar;C:\Users\Sa\.m2\repository\javax\jdo\jdo-api\3.0.1\jdo-api-3.0.1.jar;C:\Users\Sa\.m2\repository\javax\transaction\jta\1.1\jta-1.1.jar;C:\Users\Sa\.m2\repository\org\apache\thrift\libthrift\0.9.0\libthrift-0.9.0.jar;C:\Users\Sa\.m2\repository\org\apache\hive\hive-shims\0.13.1\hive-shims-0.13.1.jar;C:\Users\Sa\.m2\repository\org\apache\hive\shims\hive-shims-common\0.13.1\hive-shims-common-0.13.1.jar;C:\Users\Sa\.m2\repository\org\apache\hive\shims\hive-shims-0.20\0.13.1\hive-shims-0.20-0.13.1.jar;C:\Users\Sa\.m2\repository\org\apache\hive\shims\hive-shims-common-secure\0.13.1\hive-shims-common-secure-0.13.1.jar;C:\Users\Sa\.m2\repository\org\apache\hive\shims\hive-shims-0.20S\0.13.1\hive-shims-0.20S-0.13.1.jar;C:\Users\Sa\.m2\repository\org\apache\hive\shims\hive-shims-0.23\0.13.1\hive-shims-0.23-0.13.1.jar;C:\Users\Sa\.m2\repository\commons-codec\commons-codec\1.4\commons-codec-1.4.jar;C:\Users\Sa\.m2\repository\commons-httpclient\commons-httpclient\3.0.1\commons-httpclient-3.0.1.jar;C:\Users\Sa\.m2\repository\commons-io\commons-io\2.4\commons-io-2.4.jar;C:\Users\Sa\.m2\repository\org\apache\commons\commons-lang3\3.1\commons-lang3-3.1.jar;C:\Users\Sa\.m2\repository\commons-logging\commons-logging\1.1.3\commons-logging-1.1.3.jar;C:\Users\Sa\.m2\repository\log4j\log4j\1.2.16\log4j-1.2.16.jar;C:\Users\Sa\.m2\repository\org\antlr\antlr-runtime\3.4\antlr-runtime-3.4.jar;C:\Users\Sa\.m2\repository\org\antlr\stringtemplate\3.2.1\stringtemplate-3.2.1.jar;C:\Users\Sa\.m2\repository\antlr\antlr\2.7.7\antlr-2.7.7.jar;C:\Users\Sa\.m2\repository\org\antlr\ST4\4.0.4\ST4-4.0.4.jar;C:\Users\Sa\.m2\repository\org\apache\avro\avro\1.7.5\avro-1.7.5.jar;C:\Users\Sa\.m2\repository\com\thoughtworks\paranamer\paranamer\2.3\paranamer-2.3.jar;C:\Users\Sa\.m2\repository\org\xerial\snappy\snappy-java\1.0.5\snappy-java-1.0.5.jar;C:\Users\Sa\.m2\repository\org\apache\ant\ant\1.9.1\ant-1.9.1.jar;C:\Users\Sa\.m2\repository\org\apache\ant\ant-launcher\1.9.1\ant-launcher-1.9.1.jar;C:\Users\Sa\.m2\repository\org\apache\commons\commons-compress\1.4.1\commons-compress-1.4.1.jar;C:\Users\Sa\.m2\repository\org\tukaani\xz\1.0\xz-1.0.jar;C:\Users\Sa\.m2\repository\org\apache\thrift\libfb303\0.9.0\libfb303-0.9.0.jar;C:\Users\Sa\.m2\repository\org\apache\zookeeper\zookeeper\3.4.5\zookeeper-3.4.5.jar;C:\Users\Sa\.m2\repository\jline\jline\0.9.94\jline-0.9.94.jar;C:\Users\Sa\.m2\repository\org\codehaus\groovy\groovy-all\2.1.6\groovy-all-2.1.6.jar;C:\Users\Sa\.m2\repository\org\datanucleus\datanucleus-core\3.2.10\datanucleus-core-3.2.10.jar;C:\Users\Sa\.m2\repository\stax\stax-api\1.0.1\stax-api-1.0.1.jar;C:\Users\Sa\.m2\repository\org\slf4j\slf4j-api\1.7.5\slf4j-api-1.7.5.jar;C:\Users\Sa\.m2\repository\org\slf4j\slf4j-log4j12\1.7.5\slf4j-log4j12-1.7.5.jar;C:\Users\Sa\.m2\repository\org\apache\hadoop\hadoop-common\2.4.1\hadoop-common-2.4.1.jar;C:\Users\Sa\.m2\repository\org\apache\hadoop\hadoop-annotations\2.4.1\hadoop-annotations-2.4.1.jar;C:\Program Files (x86)\Java\jdk1.7.0_21\jre\..\lib\tools.jar;C:\Users\Sa\.m2\repository\com\google\guava\guava\11.0.2\guava-11.0.2.jar;C:\Users\Sa\.m2\repository\commons-cli\commons-cli\1.2\commons-cli-1.2.jar;C:\Users\Sa\.m2\repository\org\apache\commons\commons-math3\3.1.1\commons-math3-3.1.1.jar;C:\Users\Sa\.m2\repository\xmlenc\xmlenc\0.52\xmlenc-0.52.jar;C:\Users\Sa\.m2\repository\commons-net\commons-net\3.1\commons-net-3.1.jar;C:\Users\Sa\.m2\repository\commons-collections\commons-collections\3.2.1\commons-collections-3.2.1.jar;C:\Users\Sa\.m2\repository\javax\servlet\servlet-api\2.5\servlet-api-2.5.jar;C:\Users\Sa\.m2\repository\org\mortbay\jetty\jetty\6.1.26\jetty-6.1.26.jar;C:\Users\Sa\.m2\repository\org\mortbay\jetty\jetty-util\6.1.26\jetty-util-6.1.26.jar;C:\Users\Sa\.m2\repository\com\sun\jersey\jersey-core\1.9\jersey-core-1.9.jar;C:\Users\Sa\.m2\repository\com\sun\jersey\jersey-json\1.9\jersey-json-1.9.jar;C:\Users\Sa\.m2\repository\org\codehaus\jettison\jettison\1.1\jettison-1.1.jar;C:\Users\Sa\.m2\repository\com\sun\xml\bind\jaxb-impl\2.2.3-1\jaxb-impl-2.2.3-1.jar;C:\Users\Sa\.m2\repository\javax\xml\bind\jaxb-api\2.2.2\jaxb-api-2.2.2.jar;C:\Users\Sa\.m2\repository\javax\xml\stream\stax-api\1.0-2\stax-api-1.0-2.jar;C:\Users\Sa\.m2\repository\javax\activation\activation\1.1\activation-1.1.jar;C:\Users\Sa\.m2\repository\org\codehaus\jackson\jackson-jaxrs\1.8.3\jackson-jaxrs-1.8.3.jar;C:\Users\Sa\.m2\repository\org\codehaus\jackson\jackson-xc\1.8.3\jackson-xc-1.8.3.jar;C:\Users\Sa\.m2\repository\com\sun\jersey\jersey-server\1.9\jersey-server-1.9.jar;C:\Users\Sa\.m2\repository\asm\asm\3.1\asm-3.1.jar;C:\Users\Sa\.m2\repository\tomcat\jasper-compiler\5.5.23\jasper-compiler-5.5.23.jar;C:\Users\Sa\.m2\repository\tomcat\jasper-runtime\5.5.23\jasper-runtime-5.5.23.jar;C:\Users\Sa\.m2\repository\javax\servlet\jsp\jsp-api\2.1\jsp-api-2.1.jar;C:\Users\Sa\.m2\repository\commons-el\commons-el\1.0\commons-el-1.0.jar;C:\Users\Sa\.m2\repository\net\java\dev\jets3t\jets3t\0.9.0\jets3t-0.9.0.jar;C:\Users\Sa\.m2\repository\org\apache\httpcomponents\httpclient\4.1.2\httpclient-4.1.2.jar;C:\Users\Sa\.m2\repository\org\apache\httpcomponents\httpcore\4.1.2\httpcore-4.1.2.jar;C:\Users\Sa\.m2\repository\com\jamesmurty\utils\java-xmlbuilder\0.4\java-xmlbuilder-0.4.jar;C:\Users\Sa\.m2\repository\commons-lang\commons-lang\2.6\commons-lang-2.6.jar;C:\Users\Sa\.m2\repository\commons-configuration\commons-configuration\1.6\commons-configuration-1.6.jar;C:\Users\Sa\.m2\repository\commons-digester\commons-digester\1.8\commons-digester-1.8.jar;C:\Users\Sa\.m2\repository\commons-beanutils\commons-beanutils\1.7.0\commons-beanutils-1.7.0.jar;C:\Users\Sa\.m2\repository\commons-beanutils\commons-beanutils-core\1.8.0\commons-beanutils-core-1.8.0.jar;C:\Users\Sa\.m2\repository\org\codehaus\jackson\jackson-core-asl\1.8.8\jackson-core-asl-1.8.8.jar;C:\Users\Sa\.m2\repository\org\codehaus\jackson\jackson-mapper-asl\1.8.8\jackson-mapper-asl-1.8.8.jar;C:\Users\Sa\.m2\repository\com\google\protobuf\protobuf-java\2.5.0\protobuf-java-2.5.0.jar;C:\Users\Sa\.m2\repository\org\apache\hadoop\hadoop-auth\2.4.1\hadoop-auth-2.4.1.jar;C:\Users\Sa\.m2\repository\com\jcraft\jsch\0.1.42\jsch-0.1.42.jar;C:\Users\Sa\.m2\repository\com\google\code\findbugs\jsr305\1.3.9\jsr305-1.3.9.jar;"/>
    <property name="java.vm.specification.version" value="1.7"/>
    <property name="sun.arch.data.model" value="32"/>
    <property name="java.home" value="C:\Program Files (x86)\Java\jdk1.7.0_21\jre"/>
    <property name="sun.java.command" value="C:\Users\Sa\Downloads\HiveUDFs\HiveUDF1\target\surefire\surefirebooter7117741122901358883.jar C:\Users\Sa\Downloads\HiveUDFs\HiveUDF1\target\surefire\surefire697021141832663413tmp C:\Users\Sa\Downloads\HiveUDFs\HiveUDF1\target\surefire\surefire62393875551382828tmp"/>
    <property name="java.specification.vendor" value="Oracle Corporation"/>
    <property name="user.language" value="en"/>
    <property name="awt.toolkit" value="sun.awt.windows.WToolkit"/>
    <property name="java.vm.info" value="mixed mode"/>
    <property name="java.version" value="1.7.0_21"/>
    <property name="java.ext.dirs" value="C:\Program Files (x86)\Java\jdk1.7.0_21\jre\lib\ext;C:\Windows\Sun\Java\lib\ext"/>
    <property name="sun.boot.class.path" value="C:\Program Files (x86)\Java\jdk1.7.0_21\jre\lib\resources.jar;C:\Program Files (x86)\Java\jdk1.7.0_21\jre\lib\rt.jar;C:\Program Files (x86)\Java\jdk1.7.0_21\jre\lib\sunrsasign.jar;C:\Program Files (x86)\Java\jdk1.7.0_21\jre\lib\jsse.jar;C:\Program Files (x86)\Java\jdk1.7.0_21\jre\lib\jce.jar;C:\Program Files (x86)\Java\jdk1.7.0_21\jre\lib\charsets.jar;C:\Program Files (x86)\Java\jdk1.7.0_21\jre\lib\jfr.jar;C:\Program Files (x86)\Java\jdk1.7.0_21\jre\classes"/>
    <property name="java.vendor" value="Oracle Corporation"/>
    <property name="localRepository" value="C:\Users\Sa\.m2\repository"/>
    <property name="file.separator" value="\"/>
    <property name="java.vendor.url.bug" value="http://bugreport.sun.com/bugreport/"/>
    <property name="sun.cpu.endian" value="little"/>
    <property name="sun.io.unicode.encoding" value="UnicodeLittle"/>
    <property name="sun.desktop" value="windows"/>
    <property name="sun.cpu.isalist" value="pentium_pro+mmx pentium_pro pentium+mmx pentium i486 i386 i86"/>
  </properties>
  <testcase time="0.625" classname="com.HiveUDF.Containsstring.Testcase" name="ContainsStringTestReturnsCorrectValues"/>
</testsuite>